-------------------------------------------------------------------------------
Test set: guru.springframework.sfgpetclinic.services.springdatajpa.OwnerSDJpaServiceTest
-------------------------------------------------------------------------------
Tests run: 7, Failures: 1, Errors: 0, Skipped: 0, Time elapsed: 0.256 s <<< FAILURE! - in guru.springframework.sfgpetclinic.services.springdatajpa.OwnerSDJpaServiceTest
findByLastName  Time elapsed: 0.002 s  <<< FAILURE!
org.opentest4j.AssertionFailedError: expected: <Smith> but was: <null>
	at guru.springframework.sfgpetclinic.services.springdatajpa.OwnerSDJpaServiceTest.findByLastName(OwnerSDJpaServiceTest.java:57)

